0 info it worked if it ends with ok
1 verbose cli [ 'C:\\Program Files\\nodejs\\node.exe',
1 verbose cli   'C:\\Users\\imnic\\AppData\\Roaming\\npm\\node_modules\\npm\\bin\\npm-cli.js',
1 verbose cli   'run',
1 verbose cli   'deploy' ]
2 info using npm@3.10.5
3 info using node@v6.11.4
4 verbose run-script [ 'predeploy', 'deploy', 'postdeploy' ]
5 info lifecycle Portfolio@0.1.0~predeploy: Portfolio@0.1.0
6 silly lifecycle Portfolio@0.1.0~predeploy: no script for predeploy, continuing
7 info lifecycle Portfolio@0.1.0~deploy: Portfolio@0.1.0
8 verbose lifecycle Portfolio@0.1.0~deploy: unsafe-perm in lifecycle true
9 verbose lifecycle Portfolio@0.1.0~deploy: PATH: C:\Users\imnic\AppData\Roaming\npm\node_modules\npm\bin\node-gyp-bin;C:\Users\imnic\OneDrive\Documents\Computer Science\Portfolio\node_modules\.bin;C:\Program Files\nodejs;C:\ProgramData\Oracle\Java\javapath;C:\Program Files (x86)\Intel\iCLS Client\;C:\Program Files\Intel\iCLS Client\;C:\WINDOWS\system32;C:\WINDOWS;C:\WINDOWS\System32\Wbem;C:\WINDOWS\System32\WindowsPowerShell\v1.0\;C:\Program Files (x86)\Intel\Intel(R) Management Engine Components\DAL;C:\Program Files\Intel\Intel(R) Management Engine Components\DAL;C:\Program Files (x86)\Intel\Intel(R) Management Engine Components\IPT;C:\Program Files\Intel\Intel(R) Management Engine Components\IPT;C:\cygwin\bin;C:\Program Files\Git\cmd;C:\Program Files (x86)\GtkSharp\2.12\bin;C:\Program Files (x86)\PuTTY\;C:\Program Files\Intel\WiFi\bin\;C:\Program Files\Common Files\Intel\WirelessCommon\;C:\Program Files\nodejs\;C:\Program Files\MySQL\MySQL Utilities 1.6\;C:\Program Files (x86)\Windows Live\Shared;C:\Users\imnic\AppData\Local\atom\bin;C:\Users\imnic\AppData\Local\Microsoft\WindowsApps;C:\Python27;C:\Users\imnic\AppData\Roaming\npm;C:\Program Files\nodejs;C:\Program Files\MySQL\MySQL Server 5.7\bin;
10 verbose lifecycle Portfolio@0.1.0~deploy: CWD: C:\Users\imnic\OneDrive\Documents\Computer Science\Portfolio
11 silly lifecycle Portfolio@0.1.0~deploy: Args: [ '/d /s /c', 'npm run build&&gh-pages -d build' ]
12 silly lifecycle Portfolio@0.1.0~deploy: Returned: code: 1  signal: null
13 info lifecycle Portfolio@0.1.0~deploy: Failed to exec deploy script
14 verbose stack Error: Portfolio@0.1.0 deploy: `npm run build&&gh-pages -d build`
14 verbose stack Exit status 1
14 verbose stack     at EventEmitter.<anonymous> (C:\Users\imnic\AppData\Roaming\npm\node_modules\npm\lib\utils\lifecycle.js:242:16)
14 verbose stack     at emitTwo (events.js:106:13)
14 verbose stack     at EventEmitter.emit (events.js:191:7)
14 verbose stack     at ChildProcess.<anonymous> (C:\Users\imnic\AppData\Roaming\npm\node_modules\npm\lib\utils\spawn.js:40:14)
14 verbose stack     at emitTwo (events.js:106:13)
14 verbose stack     at ChildProcess.emit (events.js:191:7)
14 verbose stack     at maybeClose (internal/child_process.js:920:16)
14 verbose stack     at Process.ChildProcess._handle.onexit (internal/child_process.js:230:5)
15 verbose pkgid Portfolio@0.1.0
16 verbose cwd C:\Users\imnic\OneDrive\Documents\Computer Science\Portfolio
17 error Windows_NT 10.0.16299
18 error argv "C:\\Program Files\\nodejs\\node.exe" "C:\\Users\\imnic\\AppData\\Roaming\\npm\\node_modules\\npm\\bin\\npm-cli.js" "run" "deploy"
19 error node v6.11.4
20 error npm  v3.10.5
21 error code ELIFECYCLE
22 error Portfolio@0.1.0 deploy: `npm run build&&gh-pages -d build`
22 error Exit status 1
23 error Failed at the Portfolio@0.1.0 deploy script 'npm run build&&gh-pages -d build'.
23 error Make sure you have the latest version of node.js and npm installed.
23 error If you do, this is most likely a problem with the Portfolio package,
23 error not with npm itself.
23 error Tell the author that this fails on your system:
23 error     npm run build&&gh-pages -d build
23 error You can get information on how to open an issue for this project with:
23 error     npm bugs Portfolio
23 error Or if that isn't available, you can get their info via:
23 error     npm owner ls Portfolio
23 error There is likely additional logging output above.
24 verbose exit [ 1, true ]
